<?xml version="1.0" encoding="UTF-8"?>
<testng-results skipped="0" failed="0" ignored="0" total="1" passed="1">
  <reporter-output>
  </reporter-output>
  <suite name="Default suite" duration-ms="107" started-at="2022-01-28T18:40:26Z" finished-at="2022-01-28T18:40:26Z">
    <groups>
    </groups>
    <test name="Default test" duration-ms="107" started-at="2022-01-28T18:40:26Z" finished-at="2022-01-28T18:40:26Z">
      <class name="pkj1.elementvisible">
        <test-method status="PASS" signature="loggetest()[pri:0, instance:pkj1.elementvisible@2b98378d]" name="loggetest" duration-ms="60" started-at="2022-01-28T18:40:26Z" finished-at="2022-01-28T18:40:26Z">
          <reporter-output>
          </reporter-output>
        </test-method> <!-- loggetest -->
      </class> <!-- pkj1.elementvisible -->
    </test> <!-- Default test -->
  </suite> <!-- Default suite -->
</testng-results>
